app/build/intermediates/manifest_merge_blame_file/debug/manifest-merger-blame-debug-report.txt
1<?xml version="1.0" encoding="utf-8"?>
2<manifest xmlns:android="http://schemas.android.com/apk/res/android"
3    package="com.example.mainactivity"
4    android:versionCode="1"
5    android:versionName="1.0" >
6
7    <uses-sdk
8        android:minSdkVersion="16"
8-->src\main\AndroidManifest.xml
9        android:targetSdkVersion="30" />
9-->src\main\AndroidManifest.xml
10
11    <!-- Although the *SdkVersion is captured in gradle build files, this is required for non gradle builds -->
12    <!-- <uses-sdk android:minSdkVersion="14"/> -->
13    <uses-permission android:name="android.permission.ACCESS_NETWORK_STATE" />
13-->[com.google.firebase:firebase-database:20.0.0] AndroidManifest.xml:25:5-79
13-->[com.google.firebase:firebase-database:20.0.0] AndroidManifest.xml:25:22-76
14    <uses-permission android:name="android.permission.INTERNET" />
14-->[com.google.firebase:firebase-database:20.0.0] AndroidManifest.xml:26:5-67
14-->[com.google.firebase:firebase-database:20.0.0] AndroidManifest.xml:26:22-64
15    <uses-permission android:name="android.permission.WAKE_LOCK" />
15-->[com.google.android.gms:play-services-measurement-api:19.0.0] AndroidManifest.xml:24:5-68
15-->[com.google.android.gms:play-services-measurement-api:19.0.0] AndroidManifest.xml:24:22-65
16    <uses-permission android:name="com.google.android.finsky.permission.BIND_GET_INSTALL_REFERRER_SERVICE" />
16-->[com.google.android.gms:play-services-measurement:19.0.0] AndroidManifest.xml:26:5-110
16-->[com.google.android.gms:play-services-measurement:19.0.0] AndroidManifest.xml:26:22-107
17
18    <application
18-->src\main\AndroidManifest.xml:5:5-23:19
19        android:allowBackup="true"
19-->src\main\AndroidManifest.xml:6:9-35
20        android:appComponentFactory="androidx.core.app.CoreComponentFactory"
20-->[androidx.core:core:1.3.1] AndroidManifest.xml:24:18-86
21        android:debuggable="true"
22        android:icon="@mipmap/ic_launcher"
22-->src\main\AndroidManifest.xml:7:9-43
23        android:label="@string/app_name"
23-->src\main\AndroidManifest.xml:8:9-41
24        android:roundIcon="@mipmap/ic_launcher_round"
24-->src\main\AndroidManifest.xml:9:9-54
25        android:supportsRtl="true"
25-->src\main\AndroidManifest.xml:10:9-35
26        android:testOnly="true"
27        android:theme="@style/Theme.MainActivity" >
27-->src\main\AndroidManifest.xml:11:9-50
28        <activity android:name="com.example.mainactivity.MainActivity" />
28-->src\main\AndroidManifest.xml:13:9-50
28-->src\main\AndroidManifest.xml:13:19-47
29        <activity android:name="com.example.mainactivity.ChooseLoginRegistrationActivity" >
29-->src\main\AndroidManifest.xml:14:9-20:20
29-->src\main\AndroidManifest.xml:14:19-66
30            <intent-filter>
30-->src\main\AndroidManifest.xml:15:13-19:29
31                <action android:name="android.intent.action.MAIN" />
31-->src\main\AndroidManifest.xml:16:17-69
31-->src\main\AndroidManifest.xml:16:25-66
32
33                <category android:name="android.intent.category.LAUNCHER" />
33-->src\main\AndroidManifest.xml:18:17-77
33-->src\main\AndroidManifest.xml:18:27-74
34            </intent-filter>
35        </activity>
36        <activity android:name="com.example.mainactivity.RegistrationActivity" />
36-->src\main\AndroidManifest.xml:21:9-58
36-->src\main\AndroidManifest.xml:21:19-55
37        <activity android:name="com.example.mainactivity.LoginActivity" />
37-->src\main\AndroidManifest.xml:22:9-50
37-->src\main\AndroidManifest.xml:22:19-48
38
39        <service
39-->[com.google.firebase:firebase-database:20.0.0] AndroidManifest.xml:29:9-35:19
40            android:name="com.google.firebase.components.ComponentDiscoveryService"
40-->[com.google.firebase:firebase-database:20.0.0] AndroidManifest.xml:30:13-84
41            android:directBootAware="true"
41-->[com.google.firebase:firebase-common:20.0.0] AndroidManifest.xml:35:13-43
42            android:exported="false" >
42-->[com.google.firebase:firebase-database:20.0.0] AndroidManifest.xml:31:13-37
43            <meta-data
43-->[com.google.firebase:firebase-database:20.0.0] AndroidManifest.xml:32:13-34:85
44                android:name="com.google.firebase.components:com.google.firebase.database.DatabaseRegistrar"
44-->[com.google.firebase:firebase-database:20.0.0] AndroidManifest.xml:33:17-109
45                android:value="com.google.firebase.components.ComponentRegistrar" />
45-->[com.google.firebase:firebase-database:20.0.0] AndroidManifest.xml:34:17-82
46            <meta-data
46-->[com.google.firebase:firebase-auth:21.0.1] AndroidManifest.xml:77:13-79:85
47                android:name="com.google.firebase.components:com.google.firebase.auth.FirebaseAuthRegistrar"
47-->[com.google.firebase:firebase-auth:21.0.1] AndroidManifest.xml:78:17-109
48                android:value="com.google.firebase.components.ComponentRegistrar" />
48-->[com.google.firebase:firebase-auth:21.0.1] AndroidManifest.xml:79:17-82
49            <meta-data
49-->[com.google.firebase:firebase-storage:20.0.0] AndroidManifest.xml:33:13-35:85
50                android:name="com.google.firebase.components:com.google.firebase.storage.StorageRegistrar"
50-->[com.google.firebase:firebase-storage:20.0.0] AndroidManifest.xml:34:17-107
51                android:value="com.google.firebase.components.ComponentRegistrar" />
51-->[com.google.firebase:firebase-storage:20.0.0] AndroidManifest.xml:35:17-82
52            <meta-data
52-->[com.google.android.gms:play-services-measurement-api:19.0.0] AndroidManifest.xml:30:13-32:85
53                android:name="com.google.firebase.components:com.google.firebase.analytics.connector.internal.AnalyticsConnectorRegistrar"
53-->[com.google.android.gms:play-services-measurement-api:19.0.0] AndroidManifest.xml:31:17-139
54                android:value="com.google.firebase.components.ComponentRegistrar" />
54-->[com.google.android.gms:play-services-measurement-api:19.0.0] AndroidManifest.xml:32:17-82
55            <meta-data
55-->[com.google.firebase:firebase-installations:17.0.0] AndroidManifest.xml:18:13-20:85
56                android:name="com.google.firebase.components:com.google.firebase.installations.FirebaseInstallationsRegistrar"
56-->[com.google.firebase:firebase-installations:17.0.0] AndroidManifest.xml:19:17-127
57                android:value="com.google.firebase.components.ComponentRegistrar" />
57-->[com.google.firebase:firebase-installations:17.0.0] AndroidManifest.xml:20:17-82
58        </service>
59
60        <activity
60-->[com.google.firebase:firebase-auth:21.0.1] AndroidManifest.xml:27:9-44:20
61            android:name="com.google.firebase.auth.internal.GenericIdpActivity"
61-->[com.google.firebase:firebase-auth:21.0.1] AndroidManifest.xml:28:13-80
62            android:excludeFromRecents="true"
62-->[com.google.firebase:firebase-auth:21.0.1] AndroidManifest.xml:29:13-46
63            android:exported="true"
63-->[com.google.firebase:firebase-auth:21.0.1] AndroidManifest.xml:30:13-36
64            android:launchMode="singleTask"
64-->[com.google.firebase:firebase-auth:21.0.1] AndroidManifest.xml:31:13-44
65            android:theme="@android:style/Theme.Translucent.NoTitleBar" >
65-->[com.google.firebase:firebase-auth:21.0.1] AndroidManifest.xml:32:13-72
66            <intent-filter>
66-->[com.google.firebase:firebase-auth:21.0.1] AndroidManifest.xml:33:13-43:29
67                <action android:name="android.intent.action.VIEW" />
67-->[com.google.firebase:firebase-auth:21.0.1] AndroidManifest.xml:34:17-69
67-->[com.google.firebase:firebase-auth:21.0.1] AndroidManifest.xml:34:25-66
68
69                <category android:name="android.intent.category.DEFAULT" />
69-->[com.google.firebase:firebase-auth:21.0.1] AndroidManifest.xml:36:17-76
69-->[com.google.firebase:firebase-auth:21.0.1] AndroidManifest.xml:36:27-73
70                <category android:name="android.intent.category.BROWSABLE" />
70-->[com.google.firebase:firebase-auth:21.0.1] AndroidManifest.xml:37:17-78
70-->[com.google.firebase:firebase-auth:21.0.1] AndroidManifest.xml:37:27-75
71
72                <data
72-->[com.google.firebase:firebase-auth:21.0.1] AndroidManifest.xml:39:17-42:51
73                    android:host="firebase.auth"
73-->[com.google.firebase:firebase-auth:21.0.1] AndroidManifest.xml:40:21-49
74                    android:path="/"
74-->[com.google.firebase:firebase-auth:21.0.1] AndroidManifest.xml:41:21-37
75                    android:scheme="genericidp" />
75-->[com.google.firebase:firebase-auth:21.0.1] AndroidManifest.xml:42:21-48
76            </intent-filter>
77        </activity>
78        <activity
78-->[com.google.firebase:firebase-auth:21.0.1] AndroidManifest.xml:45:9-62:20
79            android:name="com.google.firebase.auth.internal.RecaptchaActivity"
79-->[com.google.firebase:firebase-auth:21.0.1] AndroidManifest.xml:46:13-79
80            android:excludeFromRecents="true"
80-->[com.google.firebase:firebase-auth:21.0.1] AndroidManifest.xml:47:13-46
81            android:exported="true"
81-->[com.google.firebase:firebase-auth:21.0.1] AndroidManifest.xml:48:13-36
82            android:launchMode="singleTask"
82-->[com.google.firebase:firebase-auth:21.0.1] AndroidManifest.xml:49:13-44
83            android:theme="@android:style/Theme.Translucent.NoTitleBar" >
83-->[com.google.firebase:firebase-auth:21.0.1] AndroidManifest.xml:50:13-72
84            <intent-filter>
84-->[com.google.firebase:firebase-auth:21.0.1] AndroidManifest.xml:51:13-61:29
85                <action android:name="android.intent.action.VIEW" />
85-->[com.google.firebase:firebase-auth:21.0.1] AndroidManifest.xml:34:17-69
85-->[com.google.firebase:firebase-auth:21.0.1] AndroidManifest.xml:34:25-66
86
87                <category android:name="android.intent.category.DEFAULT" />
87-->[com.google.firebase:firebase-auth:21.0.1] AndroidManifest.xml:36:17-76
87-->[com.google.firebase:firebase-auth:21.0.1] AndroidManifest.xml:36:27-73
88                <category android:name="android.intent.category.BROWSABLE" />
88-->[com.google.firebase:firebase-auth:21.0.1] AndroidManifest.xml:37:17-78
88-->[com.google.firebase:firebase-auth:21.0.1] AndroidManifest.xml:37:27-75
89
90                <data
90-->[com.google.firebase:firebase-auth:21.0.1] AndroidManifest.xml:39:17-42:51
91                    android:host="firebase.auth"
91-->[com.google.firebase:firebase-auth:21.0.1] AndroidManifest.xml:40:21-49
92                    android:path="/"
92-->[com.google.firebase:firebase-auth:21.0.1] AndroidManifest.xml:41:21-37
93                    android:scheme="recaptcha" />
93-->[com.google.firebase:firebase-auth:21.0.1] AndroidManifest.xml:42:21-48
94            </intent-filter>
95        </activity>
96
97        <service
97-->[com.google.firebase:firebase-auth:21.0.1] AndroidManifest.xml:64:9-73:19
98            android:name="com.google.firebase.auth.api.fallback.service.FirebaseAuthFallbackService"
98-->[com.google.firebase:firebase-auth:21.0.1] AndroidManifest.xml:65:13-101
99            android:enabled="true"
99-->[com.google.firebase:firebase-auth:21.0.1] AndroidManifest.xml:66:13-35
100            android:exported="false" >
100-->[com.google.firebase:firebase-auth:21.0.1] AndroidManifest.xml:67:13-37
101            <intent-filter>
101-->[com.google.firebase:firebase-auth:21.0.1] AndroidManifest.xml:68:13-72:29
102                <action android:name="com.google.firebase.auth.api.gms.service.START" />
102-->[com.google.firebase:firebase-auth:21.0.1] AndroidManifest.xml:69:17-89
102-->[com.google.firebase:firebase-auth:21.0.1] AndroidManifest.xml:69:25-86
103
104                <category android:name="android.intent.category.DEFAULT" />
104-->[com.google.firebase:firebase-auth:21.0.1] AndroidManifest.xml:36:17-76
104-->[com.google.firebase:firebase-auth:21.0.1] AndroidManifest.xml:36:27-73
105            </intent-filter>
106        </service>
107
108        <provider
108-->[com.google.firebase:firebase-common:20.0.0] AndroidManifest.xml:26:9-31:39
109            android:name="com.google.firebase.provider.FirebaseInitProvider"
109-->[com.google.firebase:firebase-common:20.0.0] AndroidManifest.xml:27:13-77
110            android:authorities="com.example.mainactivity.firebaseinitprovider"
110-->[com.google.firebase:firebase-common:20.0.0] AndroidManifest.xml:28:13-72
111            android:directBootAware="true"
111-->[com.google.firebase:firebase-common:20.0.0] AndroidManifest.xml:29:13-43
112            android:exported="false"
112-->[com.google.firebase:firebase-common:20.0.0] AndroidManifest.xml:30:13-37
113            android:initOrder="100" />
113-->[com.google.firebase:firebase-common:20.0.0] AndroidManifest.xml:31:13-36
114
115        <activity
115-->[com.google.android.gms:play-services-base:17.1.0] AndroidManifest.xml:23:9-26:75
116            android:name="com.google.android.gms.common.api.GoogleApiActivity"
116-->[com.google.android.gms:play-services-base:17.1.0] AndroidManifest.xml:24:13-79
117            android:exported="false"
117-->[com.google.android.gms:play-services-base:17.1.0] AndroidManifest.xml:25:13-37
118            android:theme="@android:style/Theme.Translucent.NoTitleBar" />
118-->[com.google.android.gms:play-services-base:17.1.0] AndroidManifest.xml:26:13-72
119
120        <receiver
120-->[com.google.android.gms:play-services-measurement:19.0.0] AndroidManifest.xml:29:9-33:20
121            android:name="com.google.android.gms.measurement.AppMeasurementReceiver"
121-->[com.google.android.gms:play-services-measurement:19.0.0] AndroidManifest.xml:30:13-85
122            android:enabled="true"
122-->[com.google.android.gms:play-services-measurement:19.0.0] AndroidManifest.xml:31:13-35
123            android:exported="false" >
123-->[com.google.android.gms:play-services-measurement:19.0.0] AndroidManifest.xml:32:13-37
124        </receiver>
125
126        <service
126-->[com.google.android.gms:play-services-measurement:19.0.0] AndroidManifest.xml:35:9-38:40
127            android:name="com.google.android.gms.measurement.AppMeasurementService"
127-->[com.google.android.gms:play-services-measurement:19.0.0] AndroidManifest.xml:36:13-84
128            android:enabled="true"
128-->[com.google.android.gms:play-services-measurement:19.0.0] AndroidManifest.xml:37:13-35
129            android:exported="false" />
129-->[com.google.android.gms:play-services-measurement:19.0.0] AndroidManifest.xml:38:13-37
130        <service
130-->[com.google.android.gms:play-services-measurement:19.0.0] AndroidManifest.xml:39:9-43:72
131            android:name="com.google.android.gms.measurement.AppMeasurementJobService"
131-->[com.google.android.gms:play-services-measurement:19.0.0] AndroidManifest.xml:40:13-87
132            android:enabled="true"
132-->[com.google.android.gms:play-services-measurement:19.0.0] AndroidManifest.xml:41:13-35
133            android:exported="false"
133-->[com.google.android.gms:play-services-measurement:19.0.0] AndroidManifest.xml:42:13-37
134            android:permission="android.permission.BIND_JOB_SERVICE" />
134-->[com.google.android.gms:play-services-measurement:19.0.0] AndroidManifest.xml:43:13-69
135
136        <meta-data
136-->[com.google.android.gms:play-services-basement:17.1.0] AndroidManifest.xml:23:9-25:69
137            android:name="com.google.android.gms.version"
137-->[com.google.android.gms:play-services-basement:17.1.0] AndroidManifest.xml:24:13-58
138            android:value="@integer/google_play_services_version" />
138-->[com.google.android.gms:play-services-basement:17.1.0] AndroidManifest.xml:25:13-66
139    </application>
140
141</manifest>